[INFO][2020-10-09 06:51:23,371][views.py:17]Accessed /article-14/ with showArticlePage
[INFO][2020-10-09 06:51:24,775][views.py:165]Accessed /list-article?fid=3 with showArticlePage
[INFO][2020-10-09 06:51:27,897][views.py:21]Accessed /home with showHome
[INFO][2020-10-09 06:51:29,218][views.py:165]Accessed /list-article?fid=3 with showArticlePage
[INFO][2020-10-09 06:51:30,625][views.py:21]Accessed /home with showHome
[INFO][2020-10-09 07:13:22,903][views.py:165]Accessed /list-article?fid=3 with showArticlePage
[INFO][2020-10-09 07:13:23,819][views.py:17]Accessed /article-14/ with showArticlePage
[INFO][2020-10-09 07:13:37,380][views.py:17]Accessed /article-14/ with showArticlePage
[INFO][2020-10-09 07:22:15,357][views.py:17]Accessed /article-14/ with showArticlePage
[INFO][2020-10-09 07:25:13,783][views.py:17]Accessed /article-14/ with showArticlePage
[INFO][2020-10-09 07:32:02,768][views.py:17]Accessed /article-14/ with showArticlePage
[WARNING][2020-10-09 07:32:05,407][log.py:224]Not Found: /uploads/339loginbg.jpg
[INFO][2020-10-09 07:32:52,154][views.py:17]Accessed /article-14/ with showArticlePage
[WARNING][2020-10-09 07:32:55,279][log.py:224]Not Found: /uploads/339loginbg.jpg
[INFO][2020-10-09 07:34:37,957][views.py:17]Accessed /article-14/ with showArticlePage
[WARNING][2020-10-09 08:15:31,205][log.py:224]Not Found: /homepage.jpg
[INFO][2020-10-09 08:17:44,784][views.py:17]Accessed /article-14/ with showArticlePage
[INFO][2020-10-09 08:17:45,802][views.py:67]Accessed /info with showInfo
[INFO][2020-10-09 08:26:28,395][views.py:21]Accessed /home with showHome
[WARNING][2020-10-09 08:26:28,666][log.py:224]Not Found: /apple-touch-icon-precomposed.png
[WARNING][2020-10-09 08:26:28,898][log.py:224]Not Found: /apple-touch-icon.png
[INFO][2020-10-09 08:26:29,219][views.py:21]Accessed /home with showHome
[WARNING][2020-10-09 08:26:29,373][log.py:224]Not Found: /apple-touch-icon-precomposed.png
[WARNING][2020-10-09 08:26:29,490][log.py:224]Not Found: /apple-touch-icon.png
[INFO][2020-10-09 08:41:33,281][views.py:170]Accessed /list-article?fid=3 with showArticlePage
[INFO][2020-10-09 08:50:49,847][views.py:67]Accessed /info with showInfo
[INFO][2020-10-09 08:54:33,224][views.py:67]Accessed /info with showInfo
[INFO][2020-10-09 08:54:35,529][views.py:67]Accessed /info with showInfo
[INFO][2020-10-09 08:55:48,299][views.py:67]Accessed /info with showInfo
[INFO][2020-10-09 08:55:49,751][views.py:67]Accessed /info with showInfo
[INFO][2020-10-09 08:55:50,987][views.py:67]Accessed /info with showInfo
[INFO][2020-10-09 08:55:52,962][views.py:170]Accessed /list-article?fid=4 with showArticlePage
[INFO][2020-10-09 08:55:54,314][views.py:67]Accessed /info with showInfo
[INFO][2020-10-09 08:56:03,043][views.py:67]Accessed /info with showInfo
[INFO][2020-10-09 08:57:04,355][views.py:67]Accessed /info with showInfo
[INFO][2020-10-09 08:58:45,459][views.py:67]Accessed /info with showInfo
[INFO][2020-10-09 08:58:46,668][views.py:67]Accessed /info with showInfo
[INFO][2020-10-09 08:58:47,747][views.py:67]Accessed /info with showInfo
[INFO][2020-10-09 08:58:48,913][views.py:67]Accessed /info with showInfo
[INFO][2020-10-09 09:00:01,022][views.py:67]Accessed /info with showInfo
[INFO][2020-10-09 09:00:54,980][views.py:67]Accessed /info with showInfo
[INFO][2020-10-09 09:00:57,393][views.py:67]Accessed /info with showInfo
[INFO][2020-10-09 09:01:00,107][views.py:67]Accessed /info with showInfo
[INFO][2020-10-09 09:01:03,548][views.py:67]Accessed /info with showInfo
[INFO][2020-10-09 12:58:03,740][views.py:67]Accessed /info with showInfo
[INFO][2020-10-09 12:59:11,436][views.py:67]Accessed /info with showInfo
[INFO][2020-10-09 12:59:13,011][views.py:67]Accessed /info with showInfo
[INFO][2020-10-09 12:59:25,794][views.py:67]Accessed /info with showInfo
[INFO][2020-10-09 13:09:10,664][views.py:67]Accessed /info with showInfo
[INFO][2020-10-09 13:09:12,421][views.py:67]Accessed /info with showInfo
[INFO][2020-10-09 13:09:14,253][views.py:67]Accessed /info with showInfo
[INFO][2020-10-09 13:09:24,448][views.py:67]Accessed /info with showInfo
[INFO][2020-10-09 13:19:27,852][views.py:67]Accessed /info with showInfo
[INFO][2020-10-09 13:22:13,328][views.py:67]Accessed /info with showInfo
[INFO][2020-10-09 13:22:51,820][views.py:67]Accessed /info with showInfo
[INFO][2020-10-09 13:23:08,827][views.py:67]Accessed /info with showInfo
[INFO][2020-10-09 13:23:18,740][views.py:67]Accessed /info with showInfo
[INFO][2020-10-09 13:23:29,719][views.py:67]Accessed /info with showInfo
[INFO][2020-10-09 13:23:59,020][views.py:67]Accessed /info with showInfo
[INFO][2020-10-09 13:24:14,409][views.py:67]Accessed /info with showInfo
[INFO][2020-10-09 13:25:09,255][views.py:67]Accessed /info with showInfo
[INFO][2020-10-09 13:25:24,862][views.py:67]Accessed /info with showInfo
[INFO][2020-10-09 13:25:26,290][views.py:67]Accessed /info with showInfo
[INFO][2020-10-09 13:26:22,101][views.py:67]Accessed /info with showInfo
[INFO][2020-10-09 13:26:38,752][views.py:67]Accessed /info with showInfo
[INFO][2020-10-09 13:29:30,161][views.py:67]Accessed /info with showInfo
[INFO][2020-10-09 13:29:42,587][views.py:67]Accessed /info with showInfo
[INFO][2020-10-09 13:30:32,846][views.py:67]Accessed /info with showInfo
[INFO][2020-10-09 13:31:03,803][views.py:67]Accessed /info with showInfo
[WARNING][2020-10-09 18:33:57,685][log.py:224]Not Found: /admin/login.php
[WARNING][2020-10-09 18:33:57,741][log.py:224]Not Found: /dede/login.php
[INFO][2020-10-09 18:45:33,819][views.py:170]Accessed /list-article?fid=3&aid=13 with showArticlePage
[INFO][2020-10-09 18:48:53,862][views.py:17]Accessed /article-14/ with showArticlePage
[INFO][2020-10-09 18:48:53,901][views.py:94]Accessed /login_ with showLogin
[WARNING][2020-10-09 20:07:48,089][log.py:224]Not Found: /robots.txt
[WARNING][2020-10-09 23:41:13,507][log.py:224]Not Found: /robots.txt
[INFO][2020-10-10 03:37:21,996][views.py:67]Accessed /info with showInfo
[INFO][2020-10-10 03:37:37,412][views.py:67]Accessed /info with showInfo
[INFO][2020-10-10 03:37:44,258][views.py:67]Accessed /info with showInfo
[INFO][2020-10-10 03:38:32,227][views.py:67]Accessed /info with showInfo
[INFO][2020-10-10 03:39:01,836][views.py:67]Accessed /info with showInfo
[INFO][2020-10-10 03:39:12,135][views.py:67]Accessed /info with showInfo
[INFO][2020-10-10 03:39:23,091][views.py:67]Accessed /info with showInfo
[INFO][2020-10-10 03:39:41,589][views.py:67]Accessed /info with showInfo
[INFO][2020-10-10 03:39:47,792][views.py:67]Accessed /info with showInfo
[INFO][2020-10-10 03:40:06,949][views.py:67]Accessed /info with showInfo
[INFO][2020-10-10 03:40:26,240][views.py:67]Accessed /info with showInfo
[INFO][2020-10-10 03:41:59,062][views.py:67]Accessed /info with showInfo
[INFO][2020-10-10 03:42:12,498][views.py:67]Accessed /info with showInfo
[INFO][2020-10-10 03:42:24,428][views.py:67]Accessed /info with showInfo
